Started GET "/" for ::1 at 2022-03-17 13:19:04 +0700
  [1m[35m (1.1ms)[0m  [1m[34mSELECT sqlite_version(*)[0m
Processing by Rails::WelcomeController#index as HTML
  Rendering vendor/bundle/ruby/3.1.0/gems/railties-7.0.2.3/lib/rails/templates/rails/welcome/index.html.erb
  Rendered vendor/bundle/ruby/3.1.0/gems/railties-7.0.2.3/lib/rails/templates/rails/welcome/index.html.erb (Duration: 1.5ms | Allocations: 913)
Completed 200 OK in 13ms (Views: 6.2ms | ActiveRecord: 0.0ms | Allocations: 7983)


Started GET "/" for ::1 at 2022-03-17 13:20:47 +0700
  
SyntaxError (/home/nttduyen/workspace/SharkApp/app/controllers/application_controller.rb:8: syntax error, unexpected `end', expecting end-of-input):
  
app/controllers/application_controller.rb:8: syntax error, unexpected `end', expecting end-of-input
app/controllers/application_controller.rb:8: syntax error, unexpected `end', expecting end-of-input
app/controllers/application_controller.rb:8: syntax error, unexpected `end', expecting end-of-input
Started GET "/" for ::1 at 2022-03-17 13:20:59 +0700
  
SyntaxError (/home/nttduyen/workspace/SharkApp/app/controllers/application_controller.rb:7: syntax error, unexpected end-of-input, expecting `end'):
  
app/controllers/application_controller.rb:7: syntax error, unexpected end-of-input, expecting `end'
app/controllers/application_controller.rb:7: syntax error, unexpected end-of-input, expecting `end'
app/controllers/application_controller.rb:7: syntax error, unexpected end-of-input, expecting `end'
Started GET "/" for ::1 at 2022-03-17 13:21:09 +0700
Processing by ApplicationController#hello as HTML
  Rendering text template
  Rendered text template (Duration: 0.0ms | Allocations: 9)
hello
Completed 200 OK in 2ms (Views: 1.4ms | Allocations: 1139)


